Monte Nichols
Key soap inserted
Key metal inserted
Key plastic inserted
Key wood inserted
Key glass inserted
Key water inserted
Key skin inserted
Key carpet inserted
Key glass already exists
Key water already exists
Key skin already exists
Key metal:2
Key wood:4
Key glass:5
Key fish not found
Key hair not found
Key carpet:8
Key water:6
0 glass:5
1 wood:4
2 soap:1
3 metal:2
4 carpet:8
5 skin:7
7 water:6
8 plastic:3
Average probes in insert =  1.2
Average probes in unsuccessful search =  1.0
Average probes in successful search =  1.4
