Monte Nichols
Key soap inserted
Key metal inserted
Key plastic inserted
Key wood inserted
Key glass inserted
Key water inserted
Key skin inserted
Key carpet inserted
Key metal:2
Key wood:4
Key glass:5
Key fish not found
Key hair not found
Key carpet:8
Key water:6
Key abstract inserted
Key assert inserted
Key boolean inserted
Key break inserted
Key byte inserted
Key case inserted
Key catch inserted
Key char inserted
Key class inserted
Key const inserted
Key continue inserted
Key default inserted
Key do inserted
Key double inserted
Key else inserted
Key enum inserted
Key extends inserted
Key final inserted
Key finally inserted
Key float inserted
Key for inserted
Key goto inserted
Key if inserted
Key implements inserted
Key import inserted
Key instanceof inserted
Key int inserted
Key interface inserted
Key long inserted
Key native inserted
Key new inserted
Key package inserted
Key private inserted
Key protected inserted
Key public inserted
Key return inserted
Key short inserted
Key static inserted
Key strictfp inserted
Key super inserted
Key switch inserted
Key synchronized inserted
Key this inserted
Key throw inserted
Key throws inserted
Key transient inserted
Key try inserted
Key void inserted
Key volatile inserted
Key while inserted
Key null inserted
Key true inserted
Key switch:50
Key package:41
Key super:49
Key long:38
Key short:46
Key bigInt not found
Key littleInt not found
Key box not found
Key triple not found
Key quad not found
Key bigEndian not found
Key littleEndian not found
Key quadratic not found
Key polygon not found
Key cube not found
Key dog not found
Key cat not found
Key frog not found
Key goat not found
Key triangle not found
Key polytope not found
Key me not found
Key you not found
0 throws:54
4 abstract:9
5 import:34
6 public:44
7 class:17
8 case:14
9 native:39
10 extends:25
11 package:41
12 return:45
13 carpet:8
14 char:16
15 else:23
16 do:21
17 enum:24
18 short:46
19 strictfp:48
20 if:32
21 continue:19
22 switch:50
23 synchronized:51
24 final:26
25 volatile:58
26 soap:1
27 null:60
28 water:6
29 true:61
32 glass:5
33 plastic:3
34 break:12
35 default:20
36 private:42
37 double:22
38 void:57
39 metal:2
40 goto:31
41 try:56
42 while:59
44 catch:15
46 new:40
47 for:30
48 wood:4
49 skin:7
50 assert:10
51 boolean:11
52 instanceof:35
53 super:49
54 float:29
55 long:38
56 this:52
57 byte:13
58 transient:55
60 const:18
61 int:36
62 interface:37
63 protected:43
64 static:47
65 finally:28
66 throw:53
69 implements:33
Average probes in insert =  3.0
Average probes in unsuccessful search =  4.2
Average probes in successful search =  3.4
